<?xml version="1.0" encoding="UTF-8"?>
<testsuite name="Buscar Vuelo" tests="1" skipped="0" failures="0" errors="0" timestamp="2021-12-24T16:34:48" hostname="22LAP5CD1195R94" time="28.23">
  <properties/>
  <testcase name="el usuario deberia poder buscar viajes de solo ida" classname="Buscar Vuelo" time="28.23"/>
  <system-out><![CDATA[11:34:49.014 [Test worker] INFO net.serenitybdd.core.webdriver.driverproviders.ProvideNewDriver - Instantiating driver
11:34:49.014 [Test worker] INFO net.serenitybdd.core.webdriver.driverproviders.ProvideNewDriver - Driver capabilities: Capabilities {acceptInsecureCerts: false, acceptSslCerts: true, browserName: chrome, goog:chromeOptions: {args: [], extensions: []}, incognito: true, loggingPrefs: org.openqa.selenium.logging..., platform: ANY, version: }
11:34:54.267 [Test worker] DEBUG net.serenitybdd.core.photography.Darkroom - Opening darkroom
11:34:54.268 [Darkroom Processing Line] DEBUG net.serenitybdd.core.photography.DarkroomProcessingLine - Darkroom processing line starting up
11:34:54.534 [Test worker] DEBUG net.serenitybdd.core.photography.Darkroom - Send negative for processing for C:\Repo\Reto_VivaAir_Serenity_Cucumber\target\site\serenity\e33a6ebde9f77595e1eda9091e1cb460a8fa9d8f6d6f950b7719344ae07b327d.png
11:34:54.970 [Test worker] DEBUG net.serenitybdd.core.photography.Darkroom - Send negative for processing for C:\Repo\Reto_VivaAir_Serenity_Cucumber\target\site\serenity\08e64a7d8960ab3de718ec16488024eb91b0e6e8c30472d22e289d6f711b27e8.png
Dia ### 3 Mes #### Febrero ### AÃ±o 2023
11:35:13.297 [Test worker] DEBUG net.serenitybdd.core.photography.Darkroom - Send negative for processing for C:\Repo\Reto_VivaAir_Serenity_Cucumber\target\site\serenity\8d1b50a9281dedb8d97206feebf8e730d8ed38bf92405730395fb13679747733.png
11:35:13.298 [Darkroom Processing Line] DEBUG net.serenitybdd.core.photography.DarkroomProcessingLine - Processing screenshot image in /var/screenshots/screenshot-5902855682484888545
11:35:13.299 [Darkroom Processing Line] DEBUG net.serenitybdd.core.photography.DarkroomProcessingLine - Saving screenshot to C:\Repo\Reto_VivaAir_Serenity_Cucumber\target\site\serenity\8d1b50a9281dedb8d97206feebf8e730d8ed38bf92405730395fb13679747733.png
Bogotá
6:00 AM
11:35:15.513 [Test worker] DEBUG net.serenitybdd.core.photography.Darkroom - Send negative for processing for C:\Repo\Reto_VivaAir_Serenity_Cucumber\target\site\serenity\03a747f563e402cabc1229c2b0aa97d9635c28ef6af5158bab1f7a151988d6c7.png
11:35:15.514 [Darkroom Processing Line] DEBUG net.serenitybdd.core.photography.DarkroomProcessingLine - Processing screenshot image in /var/screenshots/screenshot-5536668036179800091
11:35:15.515 [Darkroom Processing Line] DEBUG net.serenitybdd.core.photography.DarkroomProcessingLine - Saving screenshot to C:\Repo\Reto_VivaAir_Serenity_Cucumber\target\site\serenity\03a747f563e402cabc1229c2b0aa97d9635c28ef6af5158bab1f7a151988d6c7.png
11:35:16.698 [Test worker] INFO net.thucydides.core.steps.ConsoleLoggingListener - ?[92m
        __    _____ _____ ____ _____   ____   _    ____  ____  _____ ____  
  _     \ \  |_   _| ____/ ___|_   _| |  _ \ / \  / ___|/ ___|| ____|  _ \ 
 (_)_____| |   | | |  _| \___ \ | |   | |_) / _ \ \___ \\___ \|  _| | | | |
  _|_____| |   | | | |___ ___) || |   |  __/ ___ \ ___) |___) | |___| |_| |
 (_)     | |   |_| |_____|____/ |_|   |_| /_/   \_\____/|____/|_____|____/ 
        /_/                                                                

TEST PASSED: el usuario deberia poder buscar viajes de solo ida
----------------------------------------------------------------------------?[0m
]]></system-out>
  <system-err><![CDATA[dic 24, 2021 11:34:48 AM org.openqa.selenium.remote.DesiredCapabilities chrome
INFORMACIÓN: Using `new ChromeOptions()` is preferred to `DesiredCapabilities.chrome()`
Starting ChromeDriver 96.0.4664.45 (76e4c1bb2ab4671b8beba3444e61c0f17584b2fc-refs/branch-heads/4664@{#947}) on port 38723
Only local connections are allowed.
Please see https://chromedriver.chromium.org/security-considerations for suggestions on keeping ChromeDriver safe.
ChromeDriver was started successfully.
dic 24, 2021 11:34:51 AM org.openqa.selenium.remote.ProtocolHandshake createSession
INFORMACIÓN: Detected dialect: W3C
]]></system-err>
</testsuite>
