<?xml version="1.0" encoding="UTF-8"?>
<testsuite name="Buscar Vuelo" tests="1" skipped="0" failures="0" errors="0" timestamp="2021-12-26T14:48:48" hostname="22LAP5CD1195R94" time="30.812">
  <properties/>
  <testcase name="el usuario deberia poder buscar viajes de solo ida" classname="Buscar Vuelo" time="30.812"/>
  <system-out><![CDATA[09:48:49.272 [Test worker] INFO net.serenitybdd.core.webdriver.driverproviders.ProvideNewDriver - Instantiating driver
09:48:49.272 [Test worker] INFO net.serenitybdd.core.webdriver.driverproviders.ProvideNewDriver - Driver capabilities: Capabilities {acceptInsecureCerts: false, acceptSslCerts: true, browserName: chrome, goog:chromeOptions: {args: [], extensions: []}, incognito: true, loggingPrefs: org.openqa.selenium.logging..., platform: ANY, version: }
09:48:54.304 [Test worker] DEBUG net.serenitybdd.core.photography.Darkroom - Opening darkroom
09:48:54.305 [Darkroom Processing Line] DEBUG net.serenitybdd.core.photography.DarkroomProcessingLine - Darkroom processing line starting up
09:48:54.567 [Test worker] DEBUG net.serenitybdd.core.photography.Darkroom - Send negative for processing for C:\Repo\Reto_VivaAir_Serenity_Cucumber\target\site\serenity\05670a17151d23447a7c24861db8d9587d45030d04f441868f52977d19813175.png
09:48:55.002 [Test worker] DEBUG net.serenitybdd.core.photography.Darkroom - Send negative for processing for C:\Repo\Reto_VivaAir_Serenity_Cucumber\target\site\serenity\c968672d72990709fa9033be41b25d0f1c79475ecb006fe2eca371d4565943f1.png
09:48:55.003 [Darkroom Processing Line] DEBUG net.serenitybdd.core.photography.DarkroomProcessingLine - Processing screenshot image in /var/screenshots/screenshot-6416104773605513460
09:48:55.003 [Darkroom Processing Line] DEBUG net.serenitybdd.core.photography.DarkroomProcessingLine - Saving screenshot to C:\Repo\Reto_VivaAir_Serenity_Cucumber\target\site\serenity\c968672d72990709fa9033be41b25d0f1c79475ecb006fe2eca371d4565943f1.png
Dia ### 3 Mes #### Febrero ### AÃ±o 2023
09:49:16.631 [Test worker] DEBUG net.serenitybdd.core.photography.Darkroom - Send negative for processing for C:\Repo\Reto_VivaAir_Serenity_Cucumber\target\site\serenity\55e12d0ea5a85f6da705521d16ca143a41b21f33adbdcaee1f16485d49f858bb.png
09:49:16.631 [Darkroom Processing Line] DEBUG net.serenitybdd.core.photography.DarkroomProcessingLine - Processing screenshot image in /var/screenshots/screenshot-6640684534564803645
09:49:16.631 [Darkroom Processing Line] DEBUG net.serenitybdd.core.photography.DarkroomProcessingLine - Saving screenshot to C:\Repo\Reto_VivaAir_Serenity_Cucumber\target\site\serenity\55e12d0ea5a85f6da705521d16ca143a41b21f33adbdcaee1f16485d49f858bb.png
Bogotá
6:00 AM
09:49:18.433 [Test worker] DEBUG net.serenitybdd.core.photography.Darkroom - Send negative for processing for C:\Repo\Reto_VivaAir_Serenity_Cucumber\target\site\serenity\1115ab7081834e356846ff48fde2829d2efa5447be6277d0f0134e3dafe69078.png
09:49:18.434 [Darkroom Processing Line] DEBUG net.serenitybdd.core.photography.DarkroomProcessingLine - Processing screenshot image in /var/screenshots/screenshot-1165847439113204506
09:49:18.434 [Darkroom Processing Line] DEBUG net.serenitybdd.core.photography.DarkroomProcessingLine - Saving screenshot to C:\Repo\Reto_VivaAir_Serenity_Cucumber\target\site\serenity\1115ab7081834e356846ff48fde2829d2efa5447be6277d0f0134e3dafe69078.png
09:49:19.589 [Test worker] INFO net.thucydides.core.steps.ConsoleLoggingListener - ?[92m
        __    _____ _____ ____ _____   ____   _    ____  ____  _____ ____  
  _     \ \  |_   _| ____/ ___|_   _| |  _ \ / \  / ___|/ ___|| ____|  _ \ 
 (_)_____| |   | | |  _| \___ \ | |   | |_) / _ \ \___ \\___ \|  _| | | | |
  _|_____| |   | | | |___ ___) || |   |  __/ ___ \ ___) |___) | |___| |_| |
 (_)     | |   |_| |_____|____/ |_|   |_| /_/   \_\____/|____/|_____|____/ 
        /_/                                                                

TEST PASSED: el usuario deberia poder buscar viajes de solo ida
----------------------------------------------------------------------------?[0m
]]></system-out>
  <system-err><![CDATA[dic 26, 2021 9:48:48 AM org.openqa.selenium.remote.DesiredCapabilities chrome
INFORMACIÓN: Using `new ChromeOptions()` is preferred to `DesiredCapabilities.chrome()`
Starting ChromeDriver 96.0.4664.45 (76e4c1bb2ab4671b8beba3444e61c0f17584b2fc-refs/branch-heads/4664@{#947}) on port 41378
Only local connections are allowed.
Please see https://chromedriver.chromium.org/security-considerations for suggestions on keeping ChromeDriver safe.
ChromeDriver was started successfully.
dic 26, 2021 9:48:51 AM org.openqa.selenium.remote.ProtocolHandshake createSession
INFORMACIÓN: Detected dialect: W3C
]]></system-err>
</testsuite>
